{"level":"debug","message":"treating PrismaKnowRequestError with code P2002","service":"ecommerce"}
{"level":"debug","message":"treating PrismaKnowRequestError with code P2002","service":"e-commerce"}
{"level":"error","message":"Unhandled error in generalErrorHandler","service":"e-commerce"}
{"level":"error","message":"User validation failed: password: Path `password` is required., email: Operation `users.countDocuments()` buffering timed out after 10000ms, _id: Operation `users.countDocuments()` buffering timed out after 10000ms\nValidationError\nValidationError: User validation failed: password: Path `password` is required., email: Operation `users.countDocuments()` buffering timed out after 10000ms, _id: Operation `users.countDocuments()` buffering timed out after 10000ms\n    at Document.invalidate (E:\\Projects\\E-Commerce\\backend\\node_modules\\mongoose\\lib\\document.js:3166:32)\n    at E:\\Projects\\E-Commerce\\backend\\node_modules\\mongoose\\lib\\document.js:2959:17\n    at E:\\Projects\\E-Commerce\\backend\\node_modules\\mongoose\\lib\\schematype.js:1368:9\n    at process.processTicksAndRejections (node:internal/process/task_queues:77:11)","service":"e-commerce"}
{"level":"error","message":"Unhandled error in generalErrorHandler","service":"e-commerce"}
{"level":"error","message":"User validation failed: email: Operation `users.countDocuments()` buffering timed out after 10000ms, _id: Operation `users.countDocuments()` buffering timed out after 10000ms\nValidationError\nValidationError: User validation failed: email: Operation `users.countDocuments()` buffering timed out after 10000ms, _id: Operation `users.countDocuments()` buffering timed out after 10000ms\n    at Document.invalidate (E:\\Projects\\E-Commerce\\backend\\node_modules\\mongoose\\lib\\document.js:3166:32)\n    at E:\\Projects\\E-Commerce\\backend\\node_modules\\mongoose\\lib\\document.js:2959:17\n    at E:\\Projects\\E-Commerce\\backend\\node_modules\\mongoose\\lib\\schematype.js:1368:9\n    at processTicksAndRejections (node:internal/process/task_queues:77:11)\n    at runNextTicks (node:internal/process/task_queues:64:3)\n    at listOnTimeout (node:internal/timers:538:9)\n    at process.processTimers (node:internal/timers:512:7)","service":"e-commerce"}
{"level":"info","message":"server running on port : 3001","service":"e-commerce"}
{"level":"info","message":"server running on port : 3001","service":"e-commerce"}
{"level":"info","message":"server running on port : 3001","service":"e-commerce"}
{"level":"info","message":"server running on port : 3001","service":"e-commerce"}
{"level":"info","message":"server running on port : 3001","service":"e-commerce"}
{"level":"info","message":"server running on port : 3001","service":"e-commerce"}
{"level":"info","message":"server running on port : 3001","service":"e-commerce"}
{"level":"info","message":"server running on port : 3001","service":"e-commerce"}
{"level":"info","message":"server running on port : 3001","service":"e-commerce"}
{"level":"info","message":"server running on port : 3001","service":"e-commerce"}
{"level":"info","message":"server running on port : 3001","service":"e-commerce"}
{"level":"info","message":"server running on port : 3001","service":"e-commerce"}
{"level":"info","message":"server running on port : 3001","service":"e-commerce"}
{"level":"info","message":"server running on port : 3001","service":"e-commerce"}
{"level":"info","message":"server running on port : 3001","service":"e-commerce"}
{"level":"info","message":"server running on port : 3001","service":"e-commerce"}
{"level":"info","message":"server running on port : 3001","service":"e-commerce"}
{"level":"info","message":"server running on port : 3001","service":"e-commerce"}
{"level":"info","message":"server running on port : 3001","service":"e-commerce"}
{"level":"info","message":"server running on port : 3001","service":"e-commerce"}
{"level":"info","message":"server running on port : 3001","service":"e-commerce"}
{"level":"info","message":"server running on port : 3001","service":"e-commerce"}
